<?xml version="1.0" encoding="UTF-8"?>
<!-- Generated by org.testng.reporters.JUnitXMLReporter -->
<testsuite ignored="0" hostname="DESKTOP-7URID6Q" failures="0" tests="16" name="TestPackageRun" time="0.277" errors="0" timestamp="2025-10-10T19:49:05 IST">
  <testcase classname="selenium.learning.java.testNG.MobileApp" name="mobileacess" time="0.015"/>
  <testcase classname="selenium.learning.java.testNG.MobileApp" name="mobilelogin" time="0.008"/>
  <testcase classname="selenium.learning.java.testNG.MobileApp" name="mobilelogout" time="0.004"/>
  <testcase classname="selenium.learning.java.testNG.MobileApp" name="mobiletest" time="0.005"/>
  <testcase classname="selenium.learning.java.testNG.Test1" name="test1" time="0.002"/>
  <testcase classname="selenium.learning.java.testNG.Test1" name="test2" time="0.002"/>
  <testcase classname="selenium.learning.java.testNG.Test2" name="test3" time="0.008"/>
  <testcase classname="selenium.learning.java.testNG.Test2" name="test4" time="0.003"/>
  <testcase classname="selenium.learning.java.testNG.WebApp" name="demo" time="0.004"/>
  <testcase classname="selenium.learning.java.testNG.WebApp" name="webacess" time="0.002"/>
  <testcase classname="selenium.learning.java.testNG.WebApp" name="weblogin" time="0.004"/>
  <testcase classname="selenium.learning.java.testNG.WebApp" name="weblogin1" time="0.003"/>
  <testcase classname="selenium.learning.java.testNG.WebApp" name="weblogin2" time="0.004"/>
  <testcase classname="selenium.learning.java.testNG.WebApp" name="weblogin3" time="0.007"/>
  <testcase classname="selenium.learning.java.testNG.WebApp" name="weblogin4" time="0.01"/>
  <testcase classname="selenium.learning.java.testNG.WebApp" name="weblogout" time="0.019"/>
</testsuite> <!-- TestPackageRun -->
