<?xml version="1.0" encoding="UTF-8"?>
<!-- Generated by org.testng.reporters.JUnitXMLReporter -->
<testsuite ignored="1" hostname="DESKTOP-7URID6Q" failures="0" tests="1" name="Default test" time="9.61" errors="0" timestamp="2025-10-25T14:30:26 IST">
  <testcase classname="selenium.learning.java.selenium.miscellaneous.UploadDowloadExample" name="uploadDownloadExcelFile" time="9.329"/>
  <testcase classname="selenium.learning.java.selenium.miscellaneous.UploadDowloadExample" name="testExcelCode" time="0.0">
    <ignored/>
  </testcase> <!-- testExcelCode -->
</testsuite> <!-- Default test -->
