<?xml version="1.0" encoding="UTF-8"?>
<!-- Generated by org.testng.reporters.JUnitXMLReporter -->
<testsuite ignored="4" hostname="DESKTOP-7URID6Q" failures="0" tests="1" name="Default test" time="0.093" errors="0" timestamp="2025-10-08T22:12:58 IST">
  <testcase classname="selenium.learning.java.streams.StreamsExample" name="printUniqueNumberAndSort" time="0.017"/>
  <testcase classname="selenium.learning.java.streams.StreamsExample" name="streamsFilterExample" time="0.0">
    <ignored/>
  </testcase> <!-- streamsFilterExample -->
  <testcase classname="selenium.learning.java.streams.StreamsExample" name="streamCollect" time="0.0">
    <ignored/>
  </testcase> <!-- streamCollect -->
  <testcase classname="selenium.learning.java.streams.StreamsExample" name="streamsMapExample" time="0.0">
    <ignored/>
  </testcase> <!-- streamsMapExample -->
  <testcase classname="selenium.learning.java.streams.StreamsExample" name="mergeTwoLists" time="0.0">
    <ignored/>
  </testcase> <!-- mergeTwoLists -->
</testsuite> <!-- Default test -->
