<?xml version="1.0" encoding="UTF-8"?>
<!-- Generated by org.testng.reporters.JUnitXMLReporter -->
<testsuite ignored="0" hostname="DESKTOP-7URID6Q" failures="1" tests="3" name="errorValidations" time="19.016" errors="0" timestamp="2025-10-19T14:41:05 IST">
  <testcase classname="selenium.learning.framework.tests.ErrorValidations" name="loginErrorValidation" time="0.614">
    <skipped/>
  </testcase> <!-- loginErrorValidation -->
  <testcase classname="selenium.learning.framework.tests.ErrorValidations" name="loginErrorValidation" time="0.542">
    <failure type="java.lang.AssertionError" message="expected [INCORRECT EMAIL OR PASSWORD.] but found [Incorrect email or password.]">
      <![CDATA[java.lang.AssertionError: expected [INCORRECT EMAIL OR PASSWORD.] but found [Incorrect email or password.]
at selenium.learning.framework.tests.ErrorValidations.loginErrorValidation(ErrorValidations.java:24)
at java.base/java.util.ArrayList.forEach(ArrayList.java:1511)
at java.base/java.util.concurrent.FutureTask.run(FutureTask.java:264)
at java.base/java.util.concurrent.ThreadPoolExecutor.runWorker(ThreadPoolExecutor.java:1136)
at java.base/java.util.concurrent.ThreadPoolExecutor$Worker.run(ThreadPoolExecutor.java:635)
at java.base/java.lang.Thread.run(Thread.java:840)
... Removed 23 stack frames]]>
    </failure>
  </testcase> <!-- loginErrorValidation -->
  <testcase classname="selenium.learning.framework.tests.ErrorValidations" name="submitOrderErrorHandling" time="4.148"/>
</testsuite> <!-- errorValidations -->
