<?xml version="1.0" encoding="UTF-8"?>
<!-- Generated by org.testng.reporters.JUnitXMLReporter -->
<testsuite ignored="1" hostname="DESKTOP-7URID6Q" failures="0" tests="2" name="purchaseOrder" time="26.83" errors="0" timestamp="2025-10-18T19:30:42 IST">
  <testcase classname="selenium.learning.framework.tests.SubmitOrderTest" name="submitOrder" time="6.047"/>
  <testcase classname="selenium.learning.framework.tests.SubmitOrderTest" name="submitOrder" time="6.72"/>
  <testcase classname="selenium.learning.framework.tests.SubmitOrderTest" name="OrderHistoryTest" time="0.0">
    <ignored/>
  </testcase> <!-- OrderHistoryTest -->
</testsuite> <!-- purchaseOrder -->
