<?xml version="1.0" encoding="UTF-8"?>
<!-- Generated by org.testng.reporters.JUnitXMLReporter -->
<testsuite ignored="0" hostname="DESKTOP-7URID6Q" failures="0" tests="3" name="submitOrder" time="27.647" errors="0" timestamp="2025-10-19T14:41:13 IST">
  <testcase classname="selenium.learning.framework.tests.SubmitOrderTest" name="submitOrder" time="9.436"/>
  <testcase classname="selenium.learning.framework.tests.SubmitOrderTest" name="submitOrder" time="6.0"/>
  <testcase classname="selenium.learning.framework.tests.SubmitOrderTest" name="OrderHistoryTest" time="0.981"/>
</testsuite> <!-- submitOrder -->
