<?xml version="1.0" encoding="UTF-8"?>
<!-- Generated by org.testng.reporters.JUnitXMLReporter -->
<testsuite ignored="8" hostname="DESKTOP-7URID6Q" failures="0" tests="7" name="webapp" time="0.407" errors="0" timestamp="2025-10-13T14:07:34 IST">
  <testcase classname="selenium.learning.java.testNG.WebApp" name="demo" time="0.008"/>
  <testcase classname="selenium.learning.java.testNG.WebApp" name="testWebLogin" time="0.002"/>
  <testcase classname="selenium.learning.java.testNG.WebApp" name="testWebLogin" time="0.048"/>
  <testcase classname="selenium.learning.java.testNG.WebApp" name="testWebLogin" time="0.025"/>
  <testcase classname="selenium.learning.java.testNG.MobileApp" name="mobilelogin" time="0.025"/>
  <testcase classname="selenium.learning.java.testNG.MobileApp" name="mobiletest" time="0.033"/>
  <testcase classname="selenium.learning.java.testNG.MobileApp" name="mobileacess" time="0.013"/>
  <testcase classname="selenium.learning.java.testNG.WebApp" name="webacess" time="0.0">
    <ignored/>
  </testcase> <!-- webacess -->
  <testcase classname="selenium.learning.java.testNG.WebApp" name="weblogout" time="0.0">
    <ignored/>
  </testcase> <!-- weblogout -->
  <testcase classname="selenium.learning.java.testNG.MobileApp" name="mobilelogout" time="0.0">
    <ignored/>
  </testcase> <!-- mobilelogout -->
  <testcase classname="selenium.learning.java.testNG.WebApp" name="weblogin4" time="0.0">
    <ignored/>
  </testcase> <!-- weblogin4 -->
  <testcase classname="selenium.learning.java.testNG.WebApp" name="weblogin" time="0.0">
    <ignored/>
  </testcase> <!-- weblogin -->
  <testcase classname="selenium.learning.java.testNG.WebApp" name="weblogin3" time="0.0">
    <ignored/>
  </testcase> <!-- weblogin3 -->
  <testcase classname="selenium.learning.java.testNG.WebApp" name="weblogin2" time="0.0">
    <ignored/>
  </testcase> <!-- weblogin2 -->
  <testcase classname="selenium.learning.java.testNG.WebApp" name="weblogin1" time="0.0">
    <ignored/>
  </testcase> <!-- weblogin1 -->
</testsuite> <!-- webapp -->
