<?xml version="1.0" encoding="UTF-8"?>
<!-- Generated by org.testng.reporters.JUnitXMLReporter -->
<testsuite ignored="0" hostname="DESKTOP-7URID6Q" failures="0" tests="3" name="Command line test" time="30.523" errors="0" timestamp="2025-10-19T15:36:31 IST">
  <testcase classname="selenium.learning.framework.tests.SubmitOrderTest" name="submitOrder" time="6.288"/>
  <testcase classname="selenium.learning.framework.tests.SubmitOrderTest" name="submitOrder" time="6.0"/>
  <testcase classname="selenium.learning.framework.tests.SubmitOrderTest" name="OrderHistoryTest" time="1.013"/>
</testsuite> <!-- Command line test -->
