<?xml version="1.0" encoding="UTF-8"?>
<!-- Generated by org.testng.reporters.JUnitXMLReporter -->
<testsuite ignored="0" hostname="DESKTOP-7URID6Q" failures="0" tests="2" name="errorValidations" time="91.724" errors="0" timestamp="2025-10-19T22:37:57 IST">
  <testcase classname="selenium.learning.framework.tests.ErrorValidations" name="loginErrorValidation" time="0.864"/>
  <testcase classname="selenium.learning.framework.tests.ErrorValidations" name="submitOrderErrorHandling" time="4.396"/>
</testsuite> <!-- errorValidations -->
