<?xml version="1.0" encoding="UTF-8"?>
<!-- Generated by org.testng.reporters.JUnitXMLReporter -->
<testsuite ignored="0" hostname="DESKTOP-7URID6Q" failures="0" tests="3" name="submitOrder" time="38.558" errors="0" timestamp="2025-10-19T22:37:05 IST">
  <testcase classname="selenium.learning.framework.tests.SubmitOrderTest" name="submitOrder" time="6.943"/>
  <testcase classname="selenium.learning.framework.tests.SubmitOrderTest" name="submitOrder" time="6.639"/>
  <testcase classname="selenium.learning.framework.tests.SubmitOrderTest" name="OrderHistoryTest" time="1.631"/>
</testsuite> <!-- submitOrder -->
