<?xml version="1.0" encoding="UTF-8"?>
<testsuite xmlns:xsi="http://www.w3.org/2001/XMLSchema-instance" xsi:noNamespaceSchemaLocation="https://maven.apache.org/surefire/maven-surefire-plugin/xsd/surefire-test-report.xsd" version="3.0.2" name="TestSuite" time="92.839" tests="5" errors="0" skipped="0" failures="0">
  <properties>
[...]
</properties>
  <testcase name="submitOrder[{country=India, password=Thomas@123, product=ZARA COAT 3, email=thomasshelby@gmail.com}](1)" classname="selenium.learning.framework.tests.SubmitOrderTest" time="6.938">
    <system-err><![CDATA[SLF4J(W): No SLF4J providers were found.
SLF4J(W): Defaulting to no-operation (NOP) logger implementation
SLF4J(W): See https://www.slf4j.org/codes.html#noProviders for further details.
]]></system-err>
  </testcase>
  <testcase name="submitOrder[{country=India, password=Adashelby@123, product=ADIDAS ORIGINAL, email=adashelby@gmail.com}](2)" classname="selenium.learning.framework.tests.SubmitOrderTest" time="6.633"/>
  <testcase name="OrderHistoryTest" classname="selenium.learning.framework.tests.SubmitOrderTest" time="1.624"/>
  <testcase name="loginErrorValidation" classname="selenium.learning.framework.tests.ErrorValidations" time="0.864"/>
  <testcase name="submitOrderErrorHandling" classname="selenium.learning.framework.tests.ErrorValidations" time="4.393"/>
</testsuite>