<?xml version="1.0" encoding="UTF-8"?>
<testng-results ignored="0" total="2" passed="2" failed="0" skipped="0">
  <reporter-output>
  </reporter-output>
  <suite started-at="2025-10-20T16:35:04 IST" name="Surefire suite" finished-at="2025-10-20T16:35:26 IST" duration-ms="22831">
    <groups>
      <group name="cucumber">
        <method signature="AbstractTestNGCucumberTests.runScenario(io.cucumber.testng.PickleWrapper,io.cucumber.testng.FeatureWrapper)[pri:0, instance:selenium.learning.cucumber.runners.SubmitOrderTestRunner@4f209819]" name="runScenario" class="io.cucumber.testng.AbstractTestNGCucumberTests"/>
      </group> <!-- cucumber -->
    </groups>
    <test started-at="2025-10-20T16:35:04 IST" name="Surefire test" finished-at="2025-10-20T16:35:26 IST" duration-ms="22831">
      <class name="selenium.learning.cucumber.runners.SubmitOrderTestRunner">
        <test-method is-config="true" signature="setUpClass(org.testng.ITestContext)[pri:0, instance:selenium.learning.cucumber.runners.SubmitOrderTestRunner@4f209819]" started-at="2025-10-20T16:35:04 IST" name="setUpClass" finished-at="2025-10-20T16:35:05 IST" duration-ms="994" status="PASS">
          <params>
            <param index="0">
              <value>
                <![CDATA[org.testng.TestRunner@1a2909ae]]>
              </value>
            </param>
          </params>
          <reporter-output>
          </reporter-output>
        </test-method> <!-- setUpClass -->
        <test-method signature="runScenario(io.cucumber.testng.PickleWrapper,io.cucumber.testng.FeatureWrapper)[pri:0, instance:selenium.learning.cucumber.runners.SubmitOrderTestRunner@4f209819]" started-at="2025-10-20T16:35:05 IST" name="runScenario" description="Runs Cucumber Scenarios" data-provider="scenarios" finished-at="2025-10-20T16:35:11 IST" duration-ms="6612" status="PASS">
          <params>
            <param index="0">
              <value>
                <![CDATA["Error validation"]]>
              </value>
            </param>
            <param index="1">
              <value>
                <![CDATA["Error Validations"]]>
              </value>
            </param>
          </params>
          <reporter-output>
          </reporter-output>
        </test-method> <!-- runScenario -->
        <test-method signature="runScenario(io.cucumber.testng.PickleWrapper,io.cucumber.testng.FeatureWrapper)[pri:0, instance:selenium.learning.cucumber.runners.SubmitOrderTestRunner@4f209819]" started-at="2025-10-20T16:35:11 IST" name="runScenario" description="Runs Cucumber Scenarios" data-provider="scenarios" finished-at="2025-10-20T16:35:26 IST" duration-ms="15138" status="PASS">
          <params>
            <param index="0">
              <value>
                <![CDATA["Purchase a product"]]>
              </value>
            </param>
            <param index="1">
              <value>
                <![CDATA["Purchase a product from ECommerce website"]]>
              </value>
            </param>
          </params>
          <reporter-output>
          </reporter-output>
        </test-method> <!-- runScenario -->
        <test-method is-config="true" signature="tearDownClass()[pri:0, instance:selenium.learning.cucumber.runners.SubmitOrderTestRunner@4f209819]" started-at="2025-10-20T16:35:26 IST" name="tearDownClass" finished-at="2025-10-20T16:35:26 IST" duration-ms="33" status="PASS">
          <reporter-output>
          </reporter-output>
        </test-method> <!-- tearDownClass -->
      </class> <!-- selenium.learning.cucumber.runners.SubmitOrderTestRunner -->
    </test> <!-- Surefire test -->
  </suite> <!-- Surefire suite -->
</testng-results>
