<?xml version="1.0" encoding="UTF-8"?>
<testsuite xmlns:xsi="http://www.w3.org/2001/XMLSchema-instance" xsi:noNamespaceSchemaLocation="https://maven.apache.org/surefire/maven-surefire-plugin/xsd/surefire-test-report.xsd" version="3.0.2" name="selenium.learning.cucumber.runners.SubmitOrderTestRunner" time="23.498" tests="2" errors="0" skipped="0" failures="0">
  <properties>
[...]
</properties>
  <testcase name="runScenario[&quot;Error validation&quot;, &quot;Error Validations&quot;](1)" classname="selenium.learning.cucumber.runners.SubmitOrderTestRunner" time="6.612">
    <system-err><![CDATA[SLF4J(W): No SLF4J providers were found.
SLF4J(W): Defaulting to no-operation (NOP) logger implementation
SLF4J(W): See https://www.slf4j.org/codes.html#noProviders for further details.
]]></system-err>
  </testcase>
  <testcase name="runScenario[&quot;Purchase a product&quot;, &quot;Purchase a product from ECommerce website&quot;](2)" classname="selenium.learning.cucumber.runners.SubmitOrderTestRunner" time="15.137"/>
</testsuite>