<?xml version="1.0" encoding="UTF-8"?>
<testng-results ignored="1" total="2" passed="1" failed="0" skipped="0">
  <reporter-output>
  </reporter-output>
  <suite started-at="2025-10-25T14:30:17 IST" name="Default suite" finished-at="2025-10-25T14:30:26 IST" duration-ms="9610">
    <groups>
    </groups>
    <test started-at="2025-10-25T14:30:17 IST" name="Default test" finished-at="2025-10-25T14:30:26 IST" duration-ms="9610">
      <class name="selenium.learning.java.selenium.miscellaneous.UploadDowloadExample">
        <test-method signature="uploadDownloadExcelFile()[pri:0, instance:selenium.learning.java.selenium.miscellaneous.UploadDowloadExample@3336e6b6]" started-at="2025-10-25T14:30:17 IST" name="uploadDownloadExcelFile" finished-at="2025-10-25T14:30:26 IST" duration-ms="9329" status="PASS">
          <reporter-output>
          </reporter-output>
        </test-method> <!-- uploadDownloadExcelFile -->
        <test-method is-config="true" signature="tearDown()[pri:0, instance:selenium.learning.java.selenium.miscellaneous.UploadDowloadExample@3336e6b6]" started-at="2025-10-25T14:30:26 IST" name="tearDown" finished-at="2025-10-25T14:30:26 IST" duration-ms="225" status="PASS">
          <reporter-output>
          </reporter-output>
        </test-method> <!-- tearDown -->
      </class> <!-- selenium.learning.java.selenium.miscellaneous.UploadDowloadExample -->
    </test> <!-- Default test -->
  </suite> <!-- Default suite -->
</testng-results>
