<?xml version="1.0" encoding="UTF-8"?>
<testng-results ignored="9" total="25" passed="15" failed="1" skipped="0">
  <reporter-output>
  </reporter-output>
  <suite started-at="2025-10-13T14:07:33 IST" name="Suite" finished-at="2025-10-13T14:07:34 IST" duration-ms="454">
    <groups>
      <group name="regression">
        <method signature="Test2.test3()[pri:0, instance:selenium.learning.java.testNG.Test2@cc43f62]" name="test3" class="selenium.learning.java.testNG.Test2"/>
        <method signature="Test1.test2(java.lang.String,java.lang.String)[pri:0, instance:selenium.learning.java.testNG.Test1@18271936]" name="test2" class="selenium.learning.java.testNG.Test1"/>
        <method signature="MobileApp.mobileacess()[pri:0, instance:selenium.learning.java.testNG.MobileApp@4e5ed836]" name="mobileacess" class="selenium.learning.java.testNG.MobileApp"/>
        <method signature="WebApp.demo(java.lang.String,java.lang.String)[pri:0, instance:selenium.learning.java.testNG.WebApp@2ab4bc72]" name="demo" class="selenium.learning.java.testNG.WebApp"/>
      </group> <!-- regression -->
      <group name="smoke">
        <method signature="Test1.test1()[pri:0, instance:selenium.learning.java.testNG.Test1@18271936]" name="test1" class="selenium.learning.java.testNG.Test1"/>
        <method signature="Test2.test4()[pri:0, instance:selenium.learning.java.testNG.Test2@cc43f62]" name="test4" class="selenium.learning.java.testNG.Test2"/>
        <method signature="MobileApp.mobileacess()[pri:0, instance:selenium.learning.java.testNG.MobileApp@4e5ed836]" name="mobileacess" class="selenium.learning.java.testNG.MobileApp"/>
        <method signature="MobileApp.mobilelogin(java.lang.String)[pri:0, instance:selenium.learning.java.testNG.MobileApp@4e5ed836]" name="mobilelogin" class="selenium.learning.java.testNG.MobileApp"/>
        <method signature="MobileApp.mobiletest(java.lang.String)[pri:0, instance:selenium.learning.java.testNG.MobileApp@4e5ed836]" name="mobiletest" class="selenium.learning.java.testNG.MobileApp"/>
        <method signature="WebApp.demo(java.lang.String,java.lang.String)[pri:0, instance:selenium.learning.java.testNG.WebApp@2ab4bc72]" name="demo" class="selenium.learning.java.testNG.WebApp"/>
      </group> <!-- smoke -->
    </groups>
    <test started-at="2025-10-13T14:07:33 IST" name="webapp" finished-at="2025-10-13T14:07:34 IST" duration-ms="407">
      <class name="selenium.learning.java.testNG.WebApp">
        <test-method signature="demo(java.lang.String,java.lang.String)[pri:0, instance:selenium.learning.java.testNG.WebApp@2ab4bc72]" started-at="2025-10-13T14:07:33 IST" name="demo" finished-at="2025-10-13T14:07:33 IST" duration-ms="8" status="PASS">
          <params>
            <param index="0">
              <value>
                <![CDATA[webapp.com/URL]]>
              </value>
            </param>
            <param index="1">
              <value>
                <![CDATA[loginWebApp]]>
              </value>
            </param>
          </params>
          <reporter-output>
          </reporter-output>
        </test-method> <!-- demo -->
        <test-method signature="testWebLogin(java.lang.String,java.lang.String)[pri:0, instance:selenium.learning.java.testNG.WebApp@2ab4bc72]" started-at="2025-10-13T14:07:33 IST" name="testWebLogin" data-provider="dataProviderdemo1" finished-at="2025-10-13T14:07:33 IST" duration-ms="2" status="PASS">
          <params>
            <param index="0">
              <value>
                <![CDATA[username->Rohit]]>
              </value>
            </param>
            <param index="1">
              <value>
                <![CDATA[password->rh123]]>
              </value>
            </param>
          </params>
          <reporter-output>
          </reporter-output>
        </test-method> <!-- testWebLogin -->
        <test-method signature="testWebLogin(java.lang.String,java.lang.String)[pri:0, instance:selenium.learning.java.testNG.WebApp@2ab4bc72]" started-at="2025-10-13T14:07:33 IST" name="testWebLogin" data-provider="dataProviderdemo1" finished-at="2025-10-13T14:07:34 IST" duration-ms="48" status="PASS">
          <params>
            <param index="0">
              <value>
                <![CDATA[username->Virat]]>
              </value>
            </param>
            <param index="1">
              <value>
                <![CDATA[password->vk234]]>
              </value>
            </param>
          </params>
          <reporter-output>
          </reporter-output>
        </test-method> <!-- testWebLogin -->
        <test-method signature="testWebLogin(java.lang.String,java.lang.String)[pri:0, instance:selenium.learning.java.testNG.WebApp@2ab4bc72]" started-at="2025-10-13T14:07:34 IST" name="testWebLogin" data-provider="dataProviderdemo1" finished-at="2025-10-13T14:07:34 IST" duration-ms="25" status="PASS">
          <params>
            <param index="0">
              <value>
                <![CDATA[username->MSD]]>
              </value>
            </param>
            <param index="1">
              <value>
                <![CDATA[passwrd->msd234]]>
              </value>
            </param>
          </params>
          <reporter-output>
          </reporter-output>
        </test-method> <!-- testWebLogin -->
      </class> <!-- selenium.learning.java.testNG.WebApp -->
      <class name="selenium.learning.java.testNG.MobileApp">
        <test-method signature="mobilelogin(java.lang.String)[pri:0, instance:selenium.learning.java.testNG.MobileApp@4e5ed836]" started-at="2025-10-13T14:07:34 IST" name="mobilelogin" finished-at="2025-10-13T14:07:34 IST" duration-ms="25" status="PASS">
          <params>
            <param index="0">
              <value>
                <![CDATA[webapp.com/URL]]>
              </value>
            </param>
          </params>
          <reporter-output>
          </reporter-output>
        </test-method> <!-- mobilelogin -->
        <test-method signature="mobiletest(java.lang.String)[pri:0, instance:selenium.learning.java.testNG.MobileApp@4e5ed836]" started-at="2025-10-13T14:07:34 IST" name="mobiletest" finished-at="2025-10-13T14:07:34 IST" duration-ms="33" status="PASS">
          <params>
            <param index="0">
              <value>
                <![CDATA[loginWebApp]]>
              </value>
            </param>
          </params>
          <reporter-output>
          </reporter-output>
        </test-method> <!-- mobiletest -->
        <test-method signature="mobileacess()[pri:0, instance:selenium.learning.java.testNG.MobileApp@4e5ed836]" started-at="2025-10-13T14:07:34 IST" name="mobileacess" finished-at="2025-10-13T14:07:34 IST" duration-ms="13" status="PASS">
          <reporter-output>
          </reporter-output>
        </test-method> <!-- mobileacess -->
      </class> <!-- selenium.learning.java.testNG.MobileApp -->
      <class name="selenium.learning.java.testNG.Test1">
        <test-method is-config="true" signature="beforeSuite()[pri:0, instance:selenium.learning.java.testNG.Test1@18271936]" started-at="2025-10-13T14:07:33 IST" name="beforeSuite" finished-at="2025-10-13T14:07:33 IST" duration-ms="20" status="PASS">
          <reporter-output>
          </reporter-output>
        </test-method> <!-- beforeSuite -->
        <test-method is-config="true" signature="afterSuite()[pri:0, instance:selenium.learning.java.testNG.Test1@18271936]" started-at="2025-10-13T14:07:34 IST" name="afterSuite" finished-at="2025-10-13T14:07:34 IST" duration-ms="0" status="PASS">
          <reporter-output>
          </reporter-output>
        </test-method> <!-- afterSuite -->
      </class> <!-- selenium.learning.java.testNG.Test1 -->
    </test> <!-- webapp -->
    <test started-at="2025-10-13T14:07:33 IST" name="Test" finished-at="2025-10-13T14:07:34 IST" duration-ms="454">
      <class name="selenium.learning.java.testNG.Test1">
        <test-method is-config="true" signature="beforeTest()[pri:0, instance:selenium.learning.java.testNG.Test1@18271936]" started-at="2025-10-13T14:07:33 IST" name="beforeTest" finished-at="2025-10-13T14:07:33 IST" duration-ms="1" status="PASS">
          <reporter-output>
          </reporter-output>
        </test-method> <!-- beforeTest -->
        <test-method is-config="true" signature="beforeClass()[pri:0, instance:selenium.learning.java.testNG.Test1@18271936]" started-at="2025-10-13T14:07:33 IST" name="beforeClass" finished-at="2025-10-13T14:07:33 IST" duration-ms="1" status="PASS">
          <reporter-output>
          </reporter-output>
        </test-method> <!-- beforeClass -->
        <test-method is-config="true" signature="beforeMethod()[pri:0, instance:selenium.learning.java.testNG.Test1@18271936]" started-at="2025-10-13T14:07:33 IST" name="beforeMethod" finished-at="2025-10-13T14:07:33 IST" duration-ms="1" status="PASS">
          <reporter-output>
          </reporter-output>
        </test-method> <!-- beforeMethod -->
        <test-method signature="failTest()[pri:0, instance:selenium.learning.java.testNG.Test1@18271936]" started-at="2025-10-13T14:07:33 IST" name="failTest" finished-at="2025-10-13T14:07:33 IST" duration-ms="36" status="FAIL">
          <exception class="java.lang.AssertionError">
            <message>
              <![CDATA[expected [true] but found [false]]]>
            </message>
            <full-stacktrace>
              <![CDATA[java.lang.AssertionError: expected [true] but found [false]
at org.testng.Assert.fail(Assert.java:111)
at org.testng.Assert.failNotEquals(Assert.java:1590)
at org.testng.Assert.assertTrue(Assert.java:57)
at org.testng.Assert.assertTrue(Assert.java:67)
at selenium.learning.java.testNG.Test1.failTest(Test1.java:73)
at java.base/jdk.internal.reflect.NativeMethodAccessorImpl.invoke0(Native Method)
at java.base/jdk.internal.reflect.NativeMethodAccessorImpl.invoke(NativeMethodAccessorImpl.java:77)
at java.base/jdk.internal.reflect.DelegatingMethodAccessorImpl.invoke(DelegatingMethodAccessorImpl.java:43)
at java.base/java.lang.reflect.Method.invoke(Method.java:568)
at org.testng.internal.invokers.MethodInvocationHelper.invokeMethod(MethodInvocationHelper.java:141)
at org.testng.internal.invokers.TestInvoker.invokeMethod(TestInvoker.java:687)
at org.testng.internal.invokers.TestInvoker.invokeTestMethod(TestInvoker.java:230)
at org.testng.internal.invokers.MethodRunner.runInSequence(MethodRunner.java:63)
at org.testng.internal.invokers.TestInvoker$MethodInvocationAgent.invoke(TestInvoker.java:995)
at org.testng.internal.invokers.TestInvoker.invokeTestMethods(TestInvoker.java:203)
at org.testng.internal.invokers.TestMethodWorker.invokeTestMethods(TestMethodWorker.java:154)
at org.testng.internal.invokers.TestMethodWorker.run(TestMethodWorker.java:134)
at java.base/java.util.ArrayList.forEach(ArrayList.java:1511)
at org.testng.TestRunner.privateRun(TestRunner.java:741)
at org.testng.TestRunner.run(TestRunner.java:616)
at org.testng.SuiteRunner.runTest(SuiteRunner.java:421)
at org.testng.SuiteRunner$SuiteWorker.run(SuiteRunner.java:463)
at org.testng.internal.thread.ThreadUtil.lambda$execute$0(ThreadUtil.java:64)
at java.base/java.util.concurrent.FutureTask.run(FutureTask.java:264)
at java.base/java.util.concurrent.ThreadPoolExecutor.runWorker(ThreadPoolExecutor.java:1136)
at java.base/java.util.concurrent.ThreadPoolExecutor$Worker.run(ThreadPoolExecutor.java:635)
at java.base/java.lang.Thread.run(Thread.java:840)
]]>
            </full-stacktrace>
          </exception> <!-- java.lang.AssertionError -->
          <reporter-output>
          </reporter-output>
        </test-method> <!-- failTest -->
        <test-method is-config="true" signature="afterMethod()[pri:0, instance:selenium.learning.java.testNG.Test1@18271936]" started-at="2025-10-13T14:07:33 IST" name="afterMethod" finished-at="2025-10-13T14:07:34 IST" duration-ms="2" status="PASS">
          <reporter-output>
          </reporter-output>
        </test-method> <!-- afterMethod -->
        <test-method is-config="true" signature="beforeMethod()[pri:0, instance:selenium.learning.java.testNG.Test1@18271936]" started-at="2025-10-13T14:07:34 IST" name="beforeMethod" finished-at="2025-10-13T14:07:34 IST" duration-ms="1" status="PASS">
          <reporter-output>
          </reporter-output>
        </test-method> <!-- beforeMethod -->
        <test-method signature="test1()[pri:0, instance:selenium.learning.java.testNG.Test1@18271936]" started-at="2025-10-13T14:07:34 IST" name="test1" finished-at="2025-10-13T14:07:34 IST" duration-ms="4" status="PASS">
          <reporter-output>
          </reporter-output>
        </test-method> <!-- test1 -->
        <test-method is-config="true" signature="afterMethod()[pri:0, instance:selenium.learning.java.testNG.Test1@18271936]" started-at="2025-10-13T14:07:34 IST" name="afterMethod" finished-at="2025-10-13T14:07:34 IST" duration-ms="3" status="PASS">
          <reporter-output>
          </reporter-output>
        </test-method> <!-- afterMethod -->
        <test-method signature="test2(java.lang.String,java.lang.String)[pri:0, instance:selenium.learning.java.testNG.Test1@18271936]" started-at="2025-10-13T14:07:34 IST" name="test2" finished-at="2025-10-13T14:07:34 IST" duration-ms="9" status="PASS">
          <params>
            <param index="0">
              <value>
                <![CDATA[https://www.google.com]]>
              </value>
            </param>
            <param index="1">
              <value>
                <![CDATA[Apple]]>
              </value>
            </param>
          </params>
          <reporter-output>
          </reporter-output>
        </test-method> <!-- test2 -->
        <test-method is-config="true" signature="beforeMethod()[pri:0, instance:selenium.learning.java.testNG.Test1@18271936]" started-at="2025-10-13T14:07:34 IST" name="beforeMethod" finished-at="2025-10-13T14:07:34 IST" duration-ms="0" status="PASS">
          <reporter-output>
          </reporter-output>
        </test-method> <!-- beforeMethod -->
        <test-method is-config="true" signature="afterMethod()[pri:0, instance:selenium.learning.java.testNG.Test1@18271936]" started-at="2025-10-13T14:07:34 IST" name="afterMethod" finished-at="2025-10-13T14:07:34 IST" duration-ms="1" status="PASS">
          <reporter-output>
          </reporter-output>
        </test-method> <!-- afterMethod -->
        <test-method is-config="true" signature="afterClass()[pri:0, instance:selenium.learning.java.testNG.Test1@18271936]" started-at="2025-10-13T14:07:34 IST" name="afterClass" finished-at="2025-10-13T14:07:34 IST" duration-ms="0" status="PASS">
          <reporter-output>
          </reporter-output>
        </test-method> <!-- afterClass -->
        <test-method is-config="true" signature="afterTest()[pri:0, instance:selenium.learning.java.testNG.Test1@18271936]" started-at="2025-10-13T14:07:34 IST" name="afterTest" finished-at="2025-10-13T14:07:34 IST" duration-ms="1" status="PASS">
          <reporter-output>
          </reporter-output>
        </test-method> <!-- afterTest -->
      </class> <!-- selenium.learning.java.testNG.Test1 -->
      <class name="selenium.learning.java.testNG.Test2">
        <test-method is-config="true" signature="beforeClass()[pri:0, instance:selenium.learning.java.testNG.Test2@cc43f62]" started-at="2025-10-13T14:07:34 IST" name="beforeClass" finished-at="2025-10-13T14:07:34 IST" duration-ms="12" status="PASS">
          <reporter-output>
          </reporter-output>
        </test-method> <!-- beforeClass -->
        <test-method is-config="true" signature="beforeMethod()[pri:0, instance:selenium.learning.java.testNG.Test2@cc43f62]" started-at="2025-10-13T14:07:34 IST" name="beforeMethod" finished-at="2025-10-13T14:07:34 IST" duration-ms="1" status="PASS">
          <reporter-output>
          </reporter-output>
        </test-method> <!-- beforeMethod -->
        <test-method signature="dataTest(java.lang.String,java.lang.String)[pri:0, instance:selenium.learning.java.testNG.Test2@cc43f62]" started-at="2025-10-13T14:07:34 IST" name="dataTest" data-provider="TESTDATA" finished-at="2025-10-13T14:07:34 IST" duration-ms="2" status="PASS">
          <params>
            <param index="0">
              <value>
                <![CDATA[user1]]>
              </value>
            </param>
            <param index="1">
              <value>
                <![CDATA[pass1]]>
              </value>
            </param>
          </params>
          <reporter-output>
          </reporter-output>
        </test-method> <!-- dataTest -->
        <test-method is-config="true" signature="afterMethod()[pri:0, instance:selenium.learning.java.testNG.Test2@cc43f62]" started-at="2025-10-13T14:07:34 IST" name="afterMethod" finished-at="2025-10-13T14:07:34 IST" duration-ms="1" status="PASS">
          <reporter-output>
          </reporter-output>
        </test-method> <!-- afterMethod -->
        <test-method is-config="true" signature="beforeMethod()[pri:0, instance:selenium.learning.java.testNG.Test2@cc43f62]" started-at="2025-10-13T14:07:34 IST" name="beforeMethod" finished-at="2025-10-13T14:07:34 IST" duration-ms="1" status="PASS">
          <reporter-output>
          </reporter-output>
        </test-method> <!-- beforeMethod -->
        <test-method signature="dataTest(java.lang.String,java.lang.String)[pri:0, instance:selenium.learning.java.testNG.Test2@cc43f62]" started-at="2025-10-13T14:07:34 IST" name="dataTest" data-provider="TESTDATA" finished-at="2025-10-13T14:07:34 IST" duration-ms="6" status="PASS">
          <params>
            <param index="0">
              <value>
                <![CDATA[user2]]>
              </value>
            </param>
            <param index="1">
              <value>
                <![CDATA[pass2]]>
              </value>
            </param>
          </params>
          <reporter-output>
          </reporter-output>
        </test-method> <!-- dataTest -->
        <test-method is-config="true" signature="afterMethod()[pri:0, instance:selenium.learning.java.testNG.Test2@cc43f62]" started-at="2025-10-13T14:07:34 IST" name="afterMethod" finished-at="2025-10-13T14:07:34 IST" duration-ms="27" status="PASS">
          <reporter-output>
          </reporter-output>
        </test-method> <!-- afterMethod -->
        <test-method is-config="true" signature="beforeMethod()[pri:0, instance:selenium.learning.java.testNG.Test2@cc43f62]" started-at="2025-10-13T14:07:34 IST" name="beforeMethod" finished-at="2025-10-13T14:07:34 IST" duration-ms="2" status="PASS">
          <reporter-output>
          </reporter-output>
        </test-method> <!-- beforeMethod -->
        <test-method signature="dataTest(java.lang.String,java.lang.String)[pri:0, instance:selenium.learning.java.testNG.Test2@cc43f62]" started-at="2025-10-13T14:07:34 IST" name="dataTest" data-provider="TESTDATA" finished-at="2025-10-13T14:07:34 IST" duration-ms="9" status="PASS">
          <params>
            <param index="0">
              <value>
                <![CDATA[user3]]>
              </value>
            </param>
            <param index="1">
              <value>
                <![CDATA[pass3]]>
              </value>
            </param>
          </params>
          <reporter-output>
          </reporter-output>
        </test-method> <!-- dataTest -->
        <test-method is-config="true" signature="afterMethod()[pri:0, instance:selenium.learning.java.testNG.Test2@cc43f62]" started-at="2025-10-13T14:07:34 IST" name="afterMethod" finished-at="2025-10-13T14:07:34 IST" duration-ms="1" status="PASS">
          <reporter-output>
          </reporter-output>
        </test-method> <!-- afterMethod -->
        <test-method is-config="true" signature="beforeMethod()[pri:0, instance:selenium.learning.java.testNG.Test2@cc43f62]" started-at="2025-10-13T14:07:34 IST" name="beforeMethod" finished-at="2025-10-13T14:07:34 IST" duration-ms="1" status="PASS">
          <reporter-output>
          </reporter-output>
        </test-method> <!-- beforeMethod -->
        <test-method signature="test5(java.lang.String,java.lang.String)[pri:0, instance:selenium.learning.java.testNG.Test2@cc43f62]" started-at="2025-10-13T14:07:34 IST" name="test5" finished-at="2025-10-13T14:07:34 IST" duration-ms="42" status="PASS">
          <params>
            <param index="0">
              <value>
                <![CDATA[https://www.google.com]]>
              </value>
            </param>
            <param index="1">
              <value>
                <![CDATA[Apple]]>
              </value>
            </param>
          </params>
          <reporter-output>
          </reporter-output>
        </test-method> <!-- test5 -->
        <test-method is-config="true" signature="afterMethod()[pri:0, instance:selenium.learning.java.testNG.Test2@cc43f62]" started-at="2025-10-13T14:07:34 IST" name="afterMethod" finished-at="2025-10-13T14:07:34 IST" duration-ms="1" status="PASS">
          <reporter-output>
          </reporter-output>
        </test-method> <!-- afterMethod -->
        <test-method is-config="true" signature="beforeMethod()[pri:0, instance:selenium.learning.java.testNG.Test2@cc43f62]" started-at="2025-10-13T14:07:34 IST" name="beforeMethod" finished-at="2025-10-13T14:07:34 IST" duration-ms="7" status="PASS">
          <reporter-output>
          </reporter-output>
        </test-method> <!-- beforeMethod -->
        <test-method signature="test4()[pri:0, instance:selenium.learning.java.testNG.Test2@cc43f62]" started-at="2025-10-13T14:07:34 IST" name="test4" finished-at="2025-10-13T14:07:34 IST" duration-ms="2" status="PASS">
          <reporter-output>
          </reporter-output>
        </test-method> <!-- test4 -->
        <test-method is-config="true" signature="afterMethod()[pri:0, instance:selenium.learning.java.testNG.Test2@cc43f62]" started-at="2025-10-13T14:07:34 IST" name="afterMethod" finished-at="2025-10-13T14:07:34 IST" duration-ms="2" status="PASS">
          <reporter-output>
          </reporter-output>
        </test-method> <!-- afterMethod -->
        <test-method is-config="true" signature="beforeMethod()[pri:0, instance:selenium.learning.java.testNG.Test2@cc43f62]" started-at="2025-10-13T14:07:34 IST" name="beforeMethod" finished-at="2025-10-13T14:07:34 IST" duration-ms="2" status="PASS">
          <reporter-output>
          </reporter-output>
        </test-method> <!-- beforeMethod -->
        <test-method signature="test3()[pri:0, instance:selenium.learning.java.testNG.Test2@cc43f62]" started-at="2025-10-13T14:07:34 IST" name="test3" finished-at="2025-10-13T14:07:34 IST" depends-on-methods="selenium.learning.java.testNG.Test2.test5" duration-ms="3" status="PASS">
          <reporter-output>
          </reporter-output>
        </test-method> <!-- test3 -->
        <test-method is-config="true" signature="afterMethod()[pri:0, instance:selenium.learning.java.testNG.Test2@cc43f62]" started-at="2025-10-13T14:07:34 IST" name="afterMethod" finished-at="2025-10-13T14:07:34 IST" duration-ms="0" status="PASS">
          <reporter-output>
          </reporter-output>
        </test-method> <!-- afterMethod -->
        <test-method is-config="true" signature="afterClass()[pri:0, instance:selenium.learning.java.testNG.Test2@cc43f62]" started-at="2025-10-13T14:07:34 IST" name="afterClass" finished-at="2025-10-13T14:07:34 IST" duration-ms="0" status="PASS">
          <reporter-output>
          </reporter-output>
        </test-method> <!-- afterClass -->
      </class> <!-- selenium.learning.java.testNG.Test2 -->
    </test> <!-- Test -->
  </suite> <!-- Suite -->
</testng-results>
