<?xml version="1.0" encoding="UTF-8"?>
<!-- Generated by org.testng.reporters.JUnitReportReporter -->
<testsuite hostname="DESKTOP-7URID6Q" failures="0" tests="3" name="selenium.learning.framework.tests.SubmitOrderTest" time="27.081" errors="0" timestamp="2025-10-19T14:41:13 IST" skipped="0">
  <testcase classname="selenium.learning.framework.tests.SubmitOrderTest" name="submitOrder" time="9.657"/>
  <testcase classname="selenium.learning.framework.tests.SubmitOrderTest" name="submitOrder" time="12.320"/>
  <testcase classname="selenium.learning.framework.tests.SubmitOrderTest" name="OrderHistoryTest" time="5.104"/>
</testsuite> <!-- selenium.learning.framework.tests.SubmitOrderTest -->
