<?xml version="1.0" encoding="UTF-8"?>
<!-- Generated by org.testng.reporters.JUnitReportReporter -->
<testsuite hostname="DESKTOP-7URID6Q" failures="0" tests="1" name="selenium.learning.java.selenium.miscellaneous.ExtentReportsExample" time="6.112" errors="0" timestamp="2025-10-19T01:51:19 IST" skipped="0">
  <testcase classname="selenium.learning.java.selenium.miscellaneous.ExtentReportsExample" name="demo" time="6.112"/>
</testsuite> <!-- selenium.learning.java.selenium.miscellaneous.ExtentReportsExample -->
