<?xml version="1.0" encoding="UTF-8"?>
<!-- Generated by org.testng.reporters.JUnitReportReporter -->
<testsuite hostname="DESKTOP-7URID6Q" failures="0" tests="2" name="selenium.learning.java.selenium.miscellaneous.UploadDowloadExample" time="9.554" errors="0" timestamp="2025-10-25T14:30:26 IST" skipped="1">
  <testcase classname="selenium.learning.java.selenium.miscellaneous.UploadDowloadExample" name="uploadDownloadExcelFile" time="9.554"/>
  <testcase classname="selenium.learning.java.selenium.miscellaneous.UploadDowloadExample" name="testExcelCode">
    <skipped/>
  </testcase> <!-- testExcelCode -->
</testsuite> <!-- selenium.learning.java.selenium.miscellaneous.UploadDowloadExample -->
