<?xml version="1.0" encoding="UTF-8"?>
<!-- Generated by org.testng.reporters.JUnitReportReporter -->
<testsuite hostname="DESKTOP-7URID6Q" failures="0" tests="4" name="selenium.learning.java.excelDemo.ExcelDataProviderTestNG" time="0.018" errors="0" timestamp="2025-10-21T23:08:10 IST" skipped="0">
  <testcase classname="selenium.learning.java.excelDemo.ExcelDataProviderTestNG" name="testCaseData" time="0.003"/>
  <testcase classname="selenium.learning.java.excelDemo.ExcelDataProviderTestNG" name="testCaseData" time="0.003"/>
  <testcase classname="selenium.learning.java.excelDemo.ExcelDataProviderTestNG" name="testCaseData" time="0.003"/>
  <testcase classname="selenium.learning.java.excelDemo.ExcelDataProviderTestNG" name="testCaseData" time="0.009"/>
</testsuite> <!-- selenium.learning.java.excelDemo.ExcelDataProviderTestNG -->
