<?xml version="1.0" encoding="UTF-8"?>
<!-- Generated by org.testng.reporters.JUnitReportReporter -->
<testsuite hostname="DESKTOP-7URID6Q" failures="0" tests="2" name="selenium.learning.cucumber.runners.SubmitOrderTestRunner" time="20.773" errors="0" timestamp="2025-10-20T16:23:52 IST" skipped="0">
  <testcase classname="selenium.learning.cucumber.runners.SubmitOrderTestRunner" name="runScenario" time="8.909"/>
  <testcase classname="selenium.learning.cucumber.runners.SubmitOrderTestRunner" name="runScenario" time="11.864"/>
</testsuite> <!-- selenium.learning.cucumber.runners.SubmitOrderTestRunner -->
