<?xml version="1.0" encoding="UTF-8"?>
<!-- Generated by org.testng.reporters.JUnitReportReporter -->
<testsuite hostname="DESKTOP-7URID6Q" failures="0" tests="2" name="selenium.learning.cucumber.runners.SubmitOrderTestRunner" time="21.750" errors="0" timestamp="2025-10-20T16:35:27 IST" skipped="0">
  <testcase classname="selenium.learning.cucumber.runners.SubmitOrderTestRunner" name="runScenario" time="6.612"/>
  <testcase classname="selenium.learning.cucumber.runners.SubmitOrderTestRunner" name="runScenario" time="15.138"/>
</testsuite> <!-- selenium.learning.cucumber.runners.SubmitOrderTestRunner -->
