<?xml version="1.0" encoding="UTF-8"?>
<!-- Generated by org.testng.reporters.JUnitReportReporter -->
<testsuite hostname="DESKTOP-7URID6Q" failures="0" tests="3" name="selenium.learning.framework.tests.SubmitOrderTest" time="38.128" errors="0" timestamp="2025-10-19T22:37:58 IST" skipped="0">
  <testcase classname="selenium.learning.framework.tests.SubmitOrderTest" name="submitOrder" time="17.157"/>
  <testcase classname="selenium.learning.framework.tests.SubmitOrderTest" name="OrderHistoryTest" time="9.164"/>
  <testcase classname="selenium.learning.framework.tests.SubmitOrderTest" name="submitOrder" time="11.807"/>
</testsuite> <!-- selenium.learning.framework.tests.SubmitOrderTest -->
