<?xml version="1.0" encoding="UTF-8"?>
<!-- Generated by org.testng.reporters.JUnitReportReporter -->
<testsuite hostname="DESKTOP-7URID6Q" failures="0" tests="2" name="selenium.learning.framework.tests.ErrorValidations" time="91.667" errors="0" timestamp="2025-10-19T22:37:58 IST" skipped="0">
  <testcase classname="selenium.learning.framework.tests.ErrorValidations" name="loginErrorValidation" time="83.136"/>
  <testcase classname="selenium.learning.framework.tests.ErrorValidations" name="submitOrderErrorHandling" time="8.531"/>
</testsuite> <!-- selenium.learning.framework.tests.ErrorValidations -->
